-------------------------------------------------------------------------------
Test set: runners.SmokeRunner
-------------------------------------------------------------------------------
Tests run: 1, Failures: 1, Errors: 0, Skipped: 0, Time elapsed: 15.345 s <<< FAILURE! - in runners.SmokeRunner
Basic Validation.Google title verification  Time elapsed: 13.488 s  <<< FAILURE!
java.lang.AssertionError

